<?xml version="1.0" encoding="UTF-8"?>
<!-- Generated by org.testng.reporters.JUnitReportReporter -->
<testsuite hostname="DESKTOP-5G1UN2J" failures="0" tests="14" name="testpages.BeneficiaryCreationTest" time="22.612" errors="0" timestamp="2025-04-10T16:56:02 IST" skipped="0">
  <testcase classname="testpages.BeneficiaryCreationTest" name="loginWithMaker" time="0.878"/>
  <testcase classname="testpages.BeneficiaryCreationTest" name="MasterMenuisClickable" time="1.172"/>
  <testcase classname="testpages.BeneficiaryCreationTest" name="vendorcreationMenuisclickable" time="0.308"/>
  <testcase classname="testpages.BeneficiaryCreationTest" name="BenefiicaryNamecanbeenter" time="0.095"/>
  <testcase classname="testpages.BeneficiaryCreationTest" name="MobileNumbercanbeenter" time="3.629"/>
  <testcase classname="testpages.BeneficiaryCreationTest" name="emailIDcanbeenter" time="1.727"/>
  <testcase classname="testpages.BeneficiaryCreationTest" name="Addresscanbeenter" time="1.679"/>
  <testcase classname="testpages.BeneficiaryCreationTest" name="vendorpincodecanbeenter" time="1.642"/>
  <testcase classname="testpages.BeneficiaryCreationTest" name="vendorcitycanbeenter" time="1.617"/>
  <testcase classname="testpages.BeneficiaryCreationTest" name="vendorpancanbeenter" time="1.677"/>
  <testcase classname="testpages.BeneficiaryCreationTest" name="vendorcanentertanno" time="2.177"/>
  <testcase classname="testpages.BeneficiaryCreationTest" name="vendorcanentergstno" time="2.167"/>
  <testcase classname="testpages.BeneficiaryCreationTest" name="enteraddharno" time="2.160"/>
  <testcase classname="testpages.BeneficiaryCreationTest" name="enterifscode" time="1.684"/>
</testsuite> <!-- testpages.BeneficiaryCreationTest -->
