<?xml version="1.0" encoding="UTF-8"?>
<!-- Generated by org.testng.reporters.JUnitReportReporter -->
<testsuite hostname="DESKTOP-5G1UN2J" failures="0" tests="28" name="testpages.BeneficiaryCreationTest" time="46.923" errors="0" timestamp="2025-04-18T16:27:52 IST" skipped="0">
  <testcase classname="testpages.BeneficiaryCreationTest" name="loginWithMaker" time="0.797"/>
  <testcase classname="testpages.BeneficiaryCreationTest" name="MasterMenuisClickable" time="0.718"/>
  <testcase classname="testpages.BeneficiaryCreationTest" name="vendorcreationMenuisclickable" time="0.177"/>
  <testcase classname="testpages.BeneficiaryCreationTest" name="BenefiicaryNamecanbeenter" time="0.098"/>
  <testcase classname="testpages.BeneficiaryCreationTest" name="MobileNumbercanbeenter" time="3.654"/>
  <testcase classname="testpages.BeneficiaryCreationTest" name="emailIDcanbeenter" time="1.756"/>
  <testcase classname="testpages.BeneficiaryCreationTest" name="Addresscanbeenter" time="1.635"/>
  <testcase classname="testpages.BeneficiaryCreationTest" name="vendorpincodecanbeenter" time="1.627"/>
  <testcase classname="testpages.BeneficiaryCreationTest" name="vendorcitycanbeenter" time="1.717"/>
  <testcase classname="testpages.BeneficiaryCreationTest" name="vendorpancanbeenter" time="1.657"/>
  <testcase classname="testpages.BeneficiaryCreationTest" name="vendorcanentertanno" time="2.170"/>
  <testcase classname="testpages.BeneficiaryCreationTest" name="vendorcanentergstno" time="2.216"/>
  <testcase classname="testpages.BeneficiaryCreationTest" name="enteraddharno" time="2.165"/>
  <testcase classname="testpages.BeneficiaryCreationTest" name="enterifscode" time="1.680"/>
  <testcase classname="testpages.BeneficiaryCreationTest" name="usercanenteraccountnumber" time="1.677"/>
  <testcase classname="testpages.BeneficiaryCreationTest" name="usercanenterConfirmVendorAccountnumber" time="1.649"/>
  <testcase classname="testpages.BeneficiaryCreationTest" name="usercanuploadpassbookcopy" time="3.267"/>
  <testcase classname="testpages.BeneficiaryCreationTest" name="Okbuttonisclickable" time="1.616"/>
  <testcase classname="testpages.BeneficiaryCreationTest" name="usercanuploadChequecopy" time="1.747"/>
  <testcase classname="testpages.BeneficiaryCreationTest" name="Okbuttonisclickableforcheque" time="1.653"/>
  <testcase classname="testpages.BeneficiaryCreationTest" name="usercanuploadpancopy" time="1.713"/>
  <testcase classname="testpages.BeneficiaryCreationTest" name="Okbuttonisclickableforpan" time="1.601"/>
  <testcase classname="testpages.BeneficiaryCreationTest" name="usercanuploadtancopy" time="1.715"/>
  <testcase classname="testpages.BeneficiaryCreationTest" name="Okbuttonisclickablefortan" time="1.591"/>
  <testcase classname="testpages.BeneficiaryCreationTest" name="usercanuploadgstcopy" time="1.707"/>
  <testcase classname="testpages.BeneficiaryCreationTest" name="Okbuttonisclickableforgst" time="1.594"/>
  <testcase classname="testpages.BeneficiaryCreationTest" name="usercanuploadadhaarcopy" time="1.718"/>
  <testcase classname="testpages.BeneficiaryCreationTest" name="Okbuttonisclickableforadhaar" time="1.608"/>
</testsuite> <!-- testpages.BeneficiaryCreationTest -->
